<?xml version="1.0" encoding="UTF-8"?>
<!-- Generated by org.testng.reporters.JUnitReportReporter -->
<testsuite skipped="0" hostname="DESKTOP-P2T5PHQ" name="demo.DemoTest1" tests="1" failures="0" timestamp="2023-07-14T12:05:04 IST" time="0.013" errors="0">
  <testcase name="m1" time="0.013" classname="demo.DemoTest1"/>
  <system-out/>
</testsuite> <!-- demo.DemoTest1 -->
